<?xml version="1.0" encoding="UTF-8"?>
<coverage generated="1764786026581" clover="3.2.0">
  <project timestamp="1764786026581" name="All files">
    <metrics statements="320" coveredstatements="306" conditionals="87" coveredconditionals="62" methods="82" coveredmethods="76" elements="489" coveredelements="444" complexity="0" loc="320" ncloc="320" packages="2" files="4" classes="4"/>
    <package name="modulos">
      <metrics statements="260" coveredstatements="254" conditionals="69" coveredconditionals="53" methods="67" coveredmethods="62"/>
      <file name="ComentariosDinamicos.js" path="C:\Users\feder\OneDrive\Documentos\workspace_all\web_workspace\repositorios\dynamics-tips\dynamics-tips\src\modulos\ComentariosDinamicos.js">
        <metrics statements="80" coveredstatements="79" conditionals="21" coveredconditionals="18" methods="19" coveredmethods="19"/>
        <line num="4" count="1" type="stmt"/>
        <line num="6" count="1" type="stmt"/>
        <line num="7" count="1" type="stmt"/>
        <line num="8" count="1" type="stmt"/>
        <line num="9" count="1" type="stmt"/>
        <line num="12" count="1" type="stmt"/>
        <line num="14" count="1" type="stmt"/>
        <line num="15" count="41" type="cond" truecount="2" falsecount="0"/>
        <line num="16" count="41" type="stmt"/>
        <line num="17" count="41" type="stmt"/>
        <line num="21" count="1" type="stmt"/>
        <line num="23" count="7" type="cond" truecount="2" falsecount="0"/>
        <line num="24" count="6" type="stmt"/>
        <line num="25" count="6" type="stmt"/>
        <line num="26" count="6" type="stmt"/>
        <line num="27" count="6" type="stmt"/>
        <line num="30" count="7" type="stmt"/>
        <line num="31" count="7" type="stmt"/>
        <line num="32" count="7" type="stmt"/>
        <line num="33" count="7" type="stmt"/>
        <line num="34" count="7" type="cond" truecount="2" falsecount="0"/>
        <line num="35" count="7" type="stmt"/>
        <line num="37" count="7" type="stmt"/>
        <line num="38" count="7" type="stmt"/>
        <line num="41" count="1" type="stmt"/>
        <line num="42" count="1" type="stmt"/>
        <line num="43" count="1" type="stmt"/>
        <line num="45" count="1" type="cond" truecount="1" falsecount="1"/>
        <line num="46" count="1" type="stmt"/>
        <line num="48" count="1" type="stmt"/>
        <line num="52" count="1" type="stmt"/>
        <line num="53" count="9" type="stmt"/>
        <line num="54" count="9" type="stmt"/>
        <line num="55" count="9" type="stmt"/>
        <line num="56" count="9" type="stmt"/>
        <line num="57" count="9" type="stmt"/>
        <line num="58" count="9" type="cond" truecount="1" falsecount="1"/>
        <line num="59" count="9" type="stmt"/>
        <line num="62" count="1" type="stmt"/>
        <line num="63" count="1" type="stmt"/>
        <line num="64" count="1" type="stmt"/>
        <line num="66" count="1" type="stmt"/>
        <line num="69" count="1" type="stmt"/>
        <line num="70" count="8" type="stmt"/>
        <line num="73" count="1" type="stmt"/>
        <line num="74" count="13" type="stmt"/>
        <line num="75" count="13" type="stmt"/>
        <line num="78" count="1" type="stmt"/>
        <line num="79" count="18" type="stmt"/>
        <line num="80" count="21" type="cond" truecount="2" falsecount="0"/>
        <line num="82" count="21" type="cond" truecount="2" falsecount="1"/>
        <line num="84" count="13" type="stmt"/>
        <line num="85" count="13" type="stmt"/>
        <line num="87" count="8" type="stmt"/>
        <line num="88" count="8" type="stmt"/>
        <line num="90" count="0" type="stmt"/>
        <line num="94" count="18" type="stmt"/>
        <line num="95" count="26" type="cond" truecount="2" falsecount="0"/>
        <line num="96" count="12" type="stmt"/>
        <line num="100" count="18" type="stmt"/>
        <line num="101" count="27" type="cond" truecount="2" falsecount="0"/>
        <line num="102" count="13" type="stmt"/>
        <line num="107" count="1" type="stmt"/>
        <line num="108" count="21" type="stmt"/>
        <line num="109" count="25" type="stmt"/>
        <line num="110" count="25" type="stmt"/>
        <line num="111" count="25" type="stmt"/>
        <line num="115" count="21" type="stmt"/>
        <line num="117" count="21" type="cond" truecount="2" falsecount="0"/>
        <line num="118" count="6" type="stmt"/>
        <line num="119" count="6" type="stmt"/>
        <line num="120" count="6" type="stmt"/>
        <line num="123" count="21" type="stmt"/>
        <line num="124" count="21" type="stmt"/>
        <line num="125" count="21" type="stmt"/>
        <line num="126" count="21" type="stmt"/>
        <line num="129" count="1" type="stmt"/>
        <line num="130" count="18" type="stmt"/>
        <line num="131" count="21" type="stmt"/>
        <line num="134" count="1" type="stmt"/>
      </file>
      <file name="DropDown.js" path="C:\Users\feder\OneDrive\Documentos\workspace_all\web_workspace\repositorios\dynamics-tips\dynamics-tips\src\modulos\DropDown.js">
        <metrics statements="105" coveredstatements="101" conditionals="32" coveredconditionals="24" methods="26" coveredmethods="25"/>
        <line num="3" count="1" type="stmt"/>
        <line num="4" count="1" type="stmt"/>
        <line num="5" count="1" type="stmt"/>
        <line num="6" count="1" type="stmt"/>
        <line num="9" count="1" type="stmt"/>
        <line num="10" count="17" type="stmt"/>
        <line num="11" count="17" type="stmt"/>
        <line num="12" count="17" type="cond" truecount="1" falsecount="1"/>
        <line num="13" count="17" type="stmt"/>
        <line num="14" count="17" type="cond" truecount="2" falsecount="0"/>
        <line num="15" count="17" type="stmt"/>
        <line num="16" count="17" type="stmt"/>
        <line num="20" count="1" type="stmt"/>
        <line num="21" count="8" type="cond" truecount="1" falsecount="1"/>
        <line num="22" count="0" type="stmt"/>
        <line num="25" count="8" type="cond" truecount="1" falsecount="1"/>
        <line num="26" count="0" type="stmt"/>
        <line num="27" count="0" type="stmt"/>
        <line num="29" count="0" type="stmt"/>
        <line num="32" count="8" type="cond" truecount="1" falsecount="1"/>
        <line num="33" count="8" type="stmt"/>
        <line num="35" count="8" type="stmt"/>
        <line num="39" count="1" type="stmt"/>
        <line num="40" count="8" type="cond" truecount="2" falsecount="0"/>
        <line num="41" count="1" type="cond" truecount="1" falsecount="1"/>
        <line num="42" count="1" type="stmt"/>
        <line num="44" count="1" type="stmt"/>
        <line num="45" count="1" type="stmt"/>
        <line num="47" count="1" type="stmt"/>
        <line num="50" count="1" type="cond" truecount="1" falsecount="1"/>
        <line num="51" count="1" type="stmt"/>
        <line num="52" count="1" type="stmt"/>
        <line num="55" count="7" type="stmt"/>
        <line num="58" count="1" type="stmt"/>
        <line num="59" count="1" type="stmt"/>
        <line num="60" count="2" type="stmt"/>
        <line num="62" count="1" type="stmt"/>
        <line num="65" count="1" type="stmt"/>
        <line num="66" count="1" type="cond" truecount="1" falsecount="1"/>
        <line num="67" count="1" type="stmt"/>
        <line num="69" count="1" type="stmt"/>
        <line num="70" count="1" type="stmt"/>
        <line num="72" count="1" type="stmt"/>
        <line num="76" count="1" type="stmt"/>
        <line num="77" count="1" type="stmt"/>
        <line num="80" count="1" type="stmt"/>
        <line num="81" count="11" type="stmt"/>
        <line num="84" count="1" type="stmt"/>
        <line num="85" count="1" type="stmt"/>
        <line num="89" count="1" type="stmt"/>
        <line num="90" count="13" type="stmt"/>
        <line num="91" count="13" type="stmt"/>
        <line num="93" count="13" type="cond" truecount="2" falsecount="0"/>
        <line num="94" count="13" type="stmt"/>
        <line num="95" count="13" type="stmt"/>
        <line num="96" count="13" type="stmt"/>
        <line num="97" count="13" type="stmt"/>
        <line num="98" count="13" type="stmt"/>
        <line num="100" count="13" type="stmt"/>
        <line num="103" count="1" type="stmt"/>
        <line num="105" count="13" type="stmt"/>
        <line num="106" count="13" type="stmt"/>
        <line num="107" count="13" type="stmt"/>
        <line num="108" count="13" type="stmt"/>
        <line num="110" count="13" type="stmt"/>
        <line num="111" count="13" type="cond" truecount="2" falsecount="0"/>
        <line num="112" count="12" type="stmt"/>
        <line num="113" count="12" type="stmt"/>
        <line num="114" count="12" type="stmt"/>
        <line num="115" count="12" type="stmt"/>
        <line num="116" count="12" type="stmt"/>
        <line num="118" count="12" type="cond" truecount="2" falsecount="0"/>
        <line num="119" count="1" type="stmt"/>
        <line num="121" count="11" type="stmt"/>
        <line num="125" count="1" type="stmt"/>
        <line num="126" count="1" type="stmt"/>
        <line num="131" count="13" type="stmt"/>
        <line num="132" count="12" type="stmt"/>
        <line num="136" count="13" type="stmt"/>
        <line num="137" count="19" type="cond" truecount="4" falsecount="0"/>
        <line num="138" count="9" type="stmt"/>
        <line num="143" count="13" type="stmt"/>
        <line num="144" count="11" type="cond" truecount="1" falsecount="1"/>
        <line num="145" count="11" type="stmt"/>
        <line num="147" count="11" type="stmt"/>
        <line num="148" count="11" type="stmt"/>
        <line num="150" count="11" type="stmt"/>
        <line num="154" count="1" type="stmt"/>
        <line num="156" count="15" type="stmt"/>
        <line num="157" count="15" type="stmt"/>
        <line num="158" count="15" type="stmt"/>
        <line num="162" count="15" type="stmt"/>
        <line num="163" count="14" type="stmt"/>
        <line num="167" count="15" type="cond" truecount="2" falsecount="0"/>
        <line num="168" count="13" type="stmt"/>
        <line num="169" count="13" type="stmt"/>
        <line num="170" count="13" type="stmt"/>
        <line num="174" count="15" type="stmt"/>
        <line num="175" count="13" type="stmt"/>
        <line num="178" count="15" type="stmt"/>
        <line num="179" count="15" type="stmt"/>
        <line num="182" count="1" type="stmt"/>
        <line num="183" count="13" type="stmt"/>
        <line num="184" count="15" type="stmt"/>
        <line num="187" count="1" type="stmt"/>
      </file>
      <file name="ToolTips.js" path="C:\Users\feder\OneDrive\Documentos\workspace_all\web_workspace\repositorios\dynamics-tips\dynamics-tips\src\modulos\ToolTips.js">
        <metrics statements="75" coveredstatements="74" conditionals="16" coveredconditionals="11" methods="22" coveredmethods="18"/>
        <line num="6" count="1" type="stmt"/>
        <line num="10" count="1" type="stmt"/>
        <line num="13" count="1" type="stmt"/>
        <line num="17" count="1" type="stmt"/>
        <line num="21" count="1" type="stmt"/>
        <line num="23" count="1" type="stmt"/>
        <line num="24" count="1" type="cond" truecount="1" falsecount="1"/>
        <line num="25" count="1" type="stmt"/>
        <line num="26" count="1" type="stmt"/>
        <line num="27" count="1" type="stmt"/>
        <line num="28" count="1" type="stmt"/>
        <line num="29" count="1" type="stmt"/>
        <line num="40" count="1" type="stmt"/>
        <line num="41" count="17" type="stmt"/>
        <line num="44" count="17" type="stmt"/>
        <line num="45" count="17" type="stmt"/>
        <line num="54" count="1" type="stmt"/>
        <line num="55" count="17" type="stmt"/>
        <line num="56" count="17" type="stmt"/>
        <line num="64" count="1" type="stmt"/>
        <line num="65" count="6" type="stmt"/>
        <line num="66" count="6" type="stmt"/>
        <line num="67" count="6" type="stmt"/>
        <line num="68" count="6" type="stmt"/>
        <line num="69" count="6" type="stmt"/>
        <line num="70" count="6" type="cond" truecount="1" falsecount="1"/>
        <line num="71" count="6" type="stmt"/>
        <line num="74" count="1" type="stmt"/>
        <line num="75" count="1" type="stmt"/>
        <line num="76" count="1" type="cond" truecount="1" falsecount="1"/>
        <line num="77" count="1" type="stmt"/>
        <line num="80" count="1" type="stmt"/>
        <line num="81" count="7" type="cond" truecount="2" falsecount="0"/>
        <line num="82" count="6" type="stmt"/>
        <line num="83" count="6" type="stmt"/>
        <line num="84" count="6" type="stmt"/>
        <line num="85" count="6" type="stmt"/>
        <line num="88" count="7" type="stmt"/>
        <line num="91" count="1" type="stmt"/>
        <line num="92" count="10" type="stmt"/>
        <line num="93" count="10" type="stmt"/>
        <line num="94" count="10" type="stmt"/>
        <line num="95" count="10" type="stmt"/>
        <line num="96" count="10" type="stmt"/>
        <line num="99" count="1" type="stmt"/>
        <line num="100" count="1" type="cond" truecount="1" falsecount="1"/>
        <line num="101" count="1" type="stmt"/>
        <line num="104" count="1" type="stmt"/>
        <line num="105" count="12" type="stmt"/>
        <line num="106" count="12" type="stmt"/>
        <line num="109" count="1" type="stmt"/>
        <line num="110" count="17" type="stmt"/>
        <line num="111" count="19" type="stmt"/>
        <line num="112" count="19" type="cond" truecount="2" falsecount="0"/>
        <line num="113" count="7" type="stmt"/>
        <line num="114" count="12" type="cond" truecount="1" falsecount="1"/>
        <line num="115" count="0" type="stmt"/>
        <line num="117" count="12" type="stmt"/>
        <line num="120" count="17" type="stmt"/>
        <line num="123" count="1" type="stmt"/>
        <line num="124" count="20" type="stmt"/>
        <line num="125" count="22" type="stmt"/>
        <line num="126" count="22" type="stmt"/>
        <line num="127" count="22" type="stmt"/>
        <line num="129" count="20" type="stmt"/>
        <line num="130" count="20" type="cond" truecount="2" falsecount="0"/>
        <line num="131" count="6" type="stmt"/>
        <line num="132" count="6" type="stmt"/>
        <line num="134" count="20" type="stmt"/>
        <line num="135" count="20" type="stmt"/>
        <line num="136" count="20" type="stmt"/>
        <line num="140" count="1" type="stmt"/>
        <line num="141" count="17" type="stmt"/>
        <line num="142" count="20" type="stmt"/>
        <line num="145" count="1" type="stmt"/>
      </file>
    </package>
    <package name="modulos.posicionamineto">
      <metrics statements="60" coveredstatements="52" conditionals="18" coveredconditionals="9" methods="15" coveredmethods="14"/>
      <file name="Posicionamiento.js" path="C:\Users\feder\OneDrive\Documentos\workspace_all\web_workspace\repositorios\dynamics-tips\dynamics-tips\src\modulos\posicionamineto\Posicionamiento.js">
        <metrics statements="60" coveredstatements="52" conditionals="18" coveredconditionals="9" methods="15" coveredmethods="14"/>
        <line num="16" count="1" type="stmt"/>
        <line num="17" count="1" type="stmt"/>
        <line num="18" count="1" type="stmt"/>
        <line num="28" count="3" type="stmt"/>
        <line num="29" count="3" type="stmt"/>
        <line num="30" count="3" type="stmt"/>
        <line num="40" count="2" type="stmt"/>
        <line num="41" count="2" type="stmt"/>
        <line num="42" count="2" type="stmt"/>
        <line num="43" count="2" type="stmt"/>
        <line num="53" count="2" type="stmt"/>
        <line num="54" count="2" type="stmt"/>
        <line num="55" count="2" type="stmt"/>
        <line num="56" count="2" type="stmt"/>
        <line num="57" count="2" type="stmt"/>
        <line num="58" count="2" type="stmt"/>
        <line num="65" count="1" type="stmt"/>
        <line num="66" count="1" type="stmt"/>
        <line num="67" count="1" type="stmt"/>
        <line num="68" count="1" type="stmt"/>
        <line num="69" count="1" type="stmt"/>
        <line num="73" count="1" type="stmt"/>
        <line num="77" count="0" type="stmt"/>
        <line num="78" count="0" type="stmt"/>
        <line num="82" count="2" type="stmt"/>
        <line num="83" count="2" type="stmt"/>
        <line num="88" count="3" type="stmt"/>
        <line num="89" count="3" type="cond" truecount="1" falsecount="1"/>
        <line num="93" count="3" type="stmt"/>
        <line num="94" count="3" type="cond" truecount="1" falsecount="1"/>
        <line num="98" count="2" type="stmt"/>
        <line num="99" count="2" type="cond" truecount="1" falsecount="1"/>
        <line num="103" count="1" type="stmt"/>
        <line num="105" count="1" type="stmt"/>
        <line num="106" count="1" type="stmt"/>
        <line num="108" count="1" type="cond" truecount="1" falsecount="1"/>
        <line num="109" count="0" type="stmt"/>
        <line num="110" count="0" type="stmt"/>
        <line num="112" count="1" type="cond" truecount="1" falsecount="1"/>
        <line num="113" count="0" type="stmt"/>
        <line num="114" count="1" type="stmt"/>
        <line num="119" count="1" type="stmt"/>
        <line num="120" count="1" type="stmt"/>
        <line num="121" count="1" type="stmt"/>
        <line num="122" count="1" type="cond" truecount="1" falsecount="1"/>
        <line num="123" count="0" type="stmt"/>
        <line num="124" count="0" type="stmt"/>
        <line num="126" count="1" type="cond" truecount="1" falsecount="1"/>
        <line num="127" count="0" type="stmt"/>
        <line num="128" count="1" type="stmt"/>
        <line num="132" count="1" type="stmt"/>
        <line num="133" count="1" type="stmt"/>
        <line num="134" count="1" type="cond" truecount="1" falsecount="1"/>
        <line num="135" count="1" type="stmt"/>
        <line num="136" count="1" type="stmt"/>
        <line num="140" count="1" type="stmt"/>
        <line num="141" count="1" type="stmt"/>
        <line num="142" count="1" type="cond" truecount="1" falsecount="1"/>
        <line num="143" count="1" type="stmt"/>
        <line num="144" count="1" type="stmt"/>
      </file>
    </package>
  </project>
</coverage>
