{"C:\\Users\\feder\\OneDrive\\Documentos\\workspace_all\\web_workspace\\repositorios\\dynamics-tips\\dynamics-tips\\src\\modulos\\ComentariosDinamicos.js": {"path":"C:\\Users\\feder\\OneDrive\\Documentos\\workspace_all\\web_workspace\\repositorios\\dynamics-tips\\dynamics-tips\\src\\modulos\\ComentariosDinamicos.js","statementMap":{"0":{"start":{"line":4,"column":0},"end":{"line":135,"column":4}},"1":{"start":{"line":6,"column":21},"end":{"line":6,"column":25}},"2":{"start":{"line":7,"column":17},"end":{"line":7,"column":21}},"3":{"start":{"line":8,"column":15},"end":{"line":8,"column":19}},"4":{"start":{"line":9,"column":17},"end":{"line":9,"column":22}},"5":{"start":{"line":12,"column":29},"end":{"line":12,"column":33}},"6":{"start":{"line":14,"column":21},"end":{"line":18,"column":5}},"7":{"start":{"line":15,"column":18},"end":{"line":15,"column":47}},"8":{"start":{"line":16,"column":8},"end":{"line":16,"column":59}},"9":{"start":{"line":17,"column":8},"end":{"line":17,"column":21}},"10":{"start":{"line":21,"column":31},"end":{"line":39,"column":5}},"11":{"start":{"line":23,"column":8},"end":{"line":28,"column":9}},"12":{"start":{"line":24,"column":12},"end":{"line":24,"column":62}},"13":{"start":{"line":25,"column":12},"end":{"line":25,"column":63}},"14":{"start":{"line":26,"column":12},"end":{"line":26,"column":57}},"15":{"start":{"line":27,"column":12},"end":{"line":27,"column":73}},"16":{"start":{"line":30,"column":8},"end":{"line":30,"column":50}},"17":{"start":{"line":31,"column":8},"end":{"line":31,"column":48}},"18":{"start":{"line":32,"column":8},"end":{"line":32,"column":45}},"19":{"start":{"line":33,"column":8},"end":{"line":33,"column":42}},"20":{"start":{"line":34,"column":8},"end":{"line":34,"column":54}},"21":{"start":{"line":35,"column":8},"end":{"line":35,"column":50}},"22":{"start":{"line":37,"column":8},"end":{"line":37,"column":21}},"23":{"start":{"line":38,"column":8},"end":{"line":38,"column":36}},"24":{"start":{"line":41,"column":28},"end":{"line":49,"column":5}},"25":{"start":{"line":42,"column":8},"end":{"line":44,"column":10}},"26":{"start":{"line":43,"column":12},"end":{"line":43,"column":22}},"27":{"start":{"line":45,"column":8},"end":{"line":47,"column":9}},"28":{"start":{"line":46,"column":12},"end":{"line":46,"column":53}},"29":{"start":{"line":48,"column":8},"end":{"line":48,"column":22}},"30":{"start":{"line":52,"column":29},"end":{"line":60,"column":5}},"31":{"start":{"line":53,"column":8},"end":{"line":53,"column":50}},"32":{"start":{"line":54,"column":8},"end":{"line":54,"column":48}},"33":{"start":{"line":55,"column":8},"end":{"line":55,"column":45}},"34":{"start":{"line":56,"column":8},"end":{"line":56,"column":42}},"35":{"start":{"line":57,"column":8},"end":{"line":57,"column":21}},"36":{"start":{"line":58,"column":8},"end":{"line":58,"column":56}},"37":{"start":{"line":59,"column":8},"end":{"line":59,"column":36}},"38":{"start":{"line":62,"column":29},"end":{"line":67,"column":5}},"39":{"start":{"line":63,"column":8},"end":{"line":65,"column":10}},"40":{"start":{"line":64,"column":12},"end":{"line":64,"column":22}},"41":{"start":{"line":66,"column":8},"end":{"line":66,"column":22}},"42":{"start":{"line":69,"column":24},"end":{"line":71,"column":5}},"43":{"start":{"line":70,"column":8},"end":{"line":70,"column":62}},"44":{"start":{"line":73,"column":24},"end":{"line":76,"column":5}},"45":{"start":{"line":74,"column":8},"end":{"line":74,"column":65}},"46":{"start":{"line":75,"column":8},"end":{"line":75,"column":65}},"47":{"start":{"line":78,"column":24},"end":{"line":105,"column":5}},"48":{"start":{"line":79,"column":8},"end":{"line":92,"column":10}},"49":{"start":{"line":80,"column":31},"end":{"line":80,"column":62}},"50":{"start":{"line":82,"column":12},"end":{"line":91,"column":13}},"51":{"start":{"line":84,"column":20},"end":{"line":84,"column":41}},"52":{"start":{"line":85,"column":20},"end":{"line":85,"column":26}},"53":{"start":{"line":87,"column":20},"end":{"line":87,"column":41}},"54":{"start":{"line":88,"column":20},"end":{"line":88,"column":26}},"55":{"start":{"line":90,"column":20},"end":{"line":90,"column":41}},"56":{"start":{"line":94,"column":8},"end":{"line":98,"column":10}},"57":{"start":{"line":95,"column":12},"end":{"line":97,"column":13}},"58":{"start":{"line":96,"column":16},"end":{"line":96,"column":44}},"59":{"start":{"line":100,"column":8},"end":{"line":104,"column":10}},"60":{"start":{"line":101,"column":12},"end":{"line":103,"column":13}},"61":{"start":{"line":102,"column":16},"end":{"line":102,"column":44}},"62":{"start":{"line":107,"column":20},"end":{"line":127,"column":5}},"63":{"start":{"line":108,"column":8},"end":{"line":112,"column":10}},"64":{"start":{"line":109,"column":12},"end":{"line":109,"column":69}},"65":{"start":{"line":110,"column":12},"end":{"line":110,"column":72}},"66":{"start":{"line":111,"column":12},"end":{"line":111,"column":72}},"67":{"start":{"line":115,"column":8},"end":{"line":115,"column":77}},"68":{"start":{"line":115,"column":66},"end":{"line":115,"column":76}},"69":{"start":{"line":117,"column":8},"end":{"line":121,"column":9}},"70":{"start":{"line":118,"column":12},"end":{"line":118,"column":76}},"71":{"start":{"line":119,"column":12},"end":{"line":119,"column":39}},"72":{"start":{"line":120,"column":12},"end":{"line":120,"column":37}},"73":{"start":{"line":123,"column":8},"end":{"line":123,"column":25}},"74":{"start":{"line":124,"column":8},"end":{"line":124,"column":21}},"75":{"start":{"line":125,"column":8},"end":{"line":125,"column":19}},"76":{"start":{"line":126,"column":8},"end":{"line":126,"column":22}},"77":{"start":{"line":129,"column":31},"end":{"line":132,"column":5}},"78":{"start":{"line":130,"column":23},"end":{"line":130,"column":36}},"79":{"start":{"line":131,"column":23},"end":{"line":131,"column":32}},"80":{"start":{"line":134,"column":4},"end":{"line":134,"column":50}}},"fnMap":{"0":{"name":"(anonymous_0)","decl":{"start":{"line":4,"column":1},"end":{"line":4,"column":2}},"loc":{"start":{"line":4,"column":13},"end":{"line":135,"column":1}},"line":4},"1":{"name":"(anonymous_1)","decl":{"start":{"line":14,"column":21},"end":{"line":14,"column":22}},"loc":{"start":{"line":14,"column":45},"end":{"line":18,"column":5}},"line":14},"2":{"name":"(anonymous_2)","decl":{"start":{"line":21,"column":31},"end":{"line":21,"column":32}},"loc":{"start":{"line":21,"column":46},"end":{"line":39,"column":5}},"line":21},"3":{"name":"(anonymous_3)","decl":{"start":{"line":41,"column":28},"end":{"line":41,"column":29}},"loc":{"start":{"line":41,"column":37},"end":{"line":49,"column":5}},"line":41},"4":{"name":"(anonymous_4)","decl":{"start":{"line":42,"column":59},"end":{"line":42,"column":60}},"loc":{"start":{"line":42,"column":66},"end":{"line":44,"column":9}},"line":42},"5":{"name":"(anonymous_5)","decl":{"start":{"line":52,"column":29},"end":{"line":52,"column":30}},"loc":{"start":{"line":52,"column":42},"end":{"line":60,"column":5}},"line":52},"6":{"name":"(anonymous_6)","decl":{"start":{"line":62,"column":29},"end":{"line":62,"column":30}},"loc":{"start":{"line":62,"column":42},"end":{"line":67,"column":5}},"line":62},"7":{"name":"(anonymous_7)","decl":{"start":{"line":63,"column":59},"end":{"line":63,"column":60}},"loc":{"start":{"line":63,"column":66},"end":{"line":65,"column":9}},"line":63},"8":{"name":"(anonymous_8)","decl":{"start":{"line":69,"column":24},"end":{"line":69,"column":25}},"loc":{"start":{"line":69,"column":38},"end":{"line":71,"column":5}},"line":69},"9":{"name":"(anonymous_9)","decl":{"start":{"line":73,"column":24},"end":{"line":73,"column":25}},"loc":{"start":{"line":73,"column":38},"end":{"line":76,"column":5}},"line":73},"10":{"name":"(anonymous_10)","decl":{"start":{"line":78,"column":24},"end":{"line":78,"column":25}},"loc":{"start":{"line":78,"column":30},"end":{"line":105,"column":5}},"line":78},"11":{"name":"(anonymous_11)","decl":{"start":{"line":79,"column":58},"end":{"line":79,"column":59}},"loc":{"start":{"line":79,"column":72},"end":{"line":92,"column":9}},"line":79},"12":{"name":"(anonymous_12)","decl":{"start":{"line":94,"column":42},"end":{"line":94,"column":43}},"loc":{"start":{"line":94,"column":48},"end":{"line":98,"column":9}},"line":94},"13":{"name":"(anonymous_13)","decl":{"start":{"line":100,"column":42},"end":{"line":100,"column":43}},"loc":{"start":{"line":100,"column":48},"end":{"line":104,"column":9}},"line":100},"14":{"name":"(anonymous_14)","decl":{"start":{"line":107,"column":20},"end":{"line":107,"column":21}},"loc":{"start":{"line":107,"column":26},"end":{"line":127,"column":5}},"line":107},"15":{"name":"(anonymous_15)","decl":{"start":{"line":108,"column":58},"end":{"line":108,"column":59}},"loc":{"start":{"line":108,"column":72},"end":{"line":112,"column":9}},"line":108},"16":{"name":"(anonymous_16)","decl":{"start":{"line":115,"column":59},"end":{"line":115,"column":60}},"loc":{"start":{"line":115,"column":66},"end":{"line":115,"column":76}},"line":115},"17":{"name":"(anonymous_17)","decl":{"start":{"line":130,"column":17},"end":{"line":130,"column":18}},"loc":{"start":{"line":130,"column":23},"end":{"line":130,"column":36}},"line":130},"18":{"name":"(anonymous_18)","decl":{"start":{"line":131,"column":17},"end":{"line":131,"column":18}},"loc":{"start":{"line":131,"column":23},"end":{"line":131,"column":32}},"line":131}},"branchMap":{"0":{"loc":{"start":{"line":15,"column":18},"end":{"line":15,"column":47}},"type":"binary-expr","locations":[{"start":{"line":15,"column":18},"end":{"line":15,"column":36}},{"start":{"line":15,"column":40},"end":{"line":15,"column":47}}],"line":15},"1":{"loc":{"start":{"line":23,"column":8},"end":{"line":28,"column":9}},"type":"if","locations":[{"start":{"line":23,"column":8},"end":{"line":28,"column":9}},{"start":{},"end":{}}],"line":23},"2":{"loc":{"start":{"line":34,"column":31},"end":{"line":34,"column":54}},"type":"binary-expr","locations":[{"start":{"line":34,"column":31},"end":{"line":34,"column":48}},{"start":{"line":34,"column":52},"end":{"line":34,"column":54}}],"line":34},"3":{"loc":{"start":{"line":45,"column":8},"end":{"line":47,"column":9}},"type":"if","locations":[{"start":{"line":45,"column":8},"end":{"line":47,"column":9}},{"start":{},"end":{}}],"line":45},"4":{"loc":{"start":{"line":58,"column":31},"end":{"line":58,"column":56}},"type":"binary-expr","locations":[{"start":{"line":58,"column":31},"end":{"line":58,"column":50}},{"start":{"line":58,"column":54},"end":{"line":58,"column":56}}],"line":58},"5":{"loc":{"start":{"line":80,"column":31},"end":{"line":80,"column":62}},"type":"binary-expr","locations":[{"start":{"line":80,"column":31},"end":{"line":80,"column":51}},{"start":{"line":80,"column":55},"end":{"line":80,"column":62}}],"line":80},"6":{"loc":{"start":{"line":82,"column":12},"end":{"line":91,"column":13}},"type":"switch","locations":[{"start":{"line":83,"column":16},"end":{"line":85,"column":26}},{"start":{"line":86,"column":16},"end":{"line":88,"column":26}},{"start":{"line":89,"column":16},"end":{"line":90,"column":41}}],"line":82},"7":{"loc":{"start":{"line":95,"column":12},"end":{"line":97,"column":13}},"type":"if","locations":[{"start":{"line":95,"column":12},"end":{"line":97,"column":13}},{"start":{},"end":{}}],"line":95},"8":{"loc":{"start":{"line":101,"column":12},"end":{"line":103,"column":13}},"type":"if","locations":[{"start":{"line":101,"column":12},"end":{"line":103,"column":13}},{"start":{},"end":{}}],"line":101},"9":{"loc":{"start":{"line":117,"column":8},"end":{"line":121,"column":9}},"type":"if","locations":[{"start":{"line":117,"column":8},"end":{"line":121,"column":9}},{"start":{},"end":{}}],"line":117}},"s":{"0":1,"1":1,"2":1,"3":1,"4":1,"5":1,"6":1,"7":41,"8":41,"9":41,"10":1,"11":7,"12":6,"13":6,"14":6,"15":6,"16":7,"17":7,"18":7,"19":7,"20":7,"21":7,"22":7,"23":7,"24":1,"25":1,"26":1,"27":1,"28":1,"29":1,"30":1,"31":9,"32":9,"33":9,"34":9,"35":9,"36":9,"37":9,"38":1,"39":1,"40":1,"41":1,"42":1,"43":8,"44":1,"45":13,"46":13,"47":1,"48":18,"49":21,"50":21,"51":13,"52":13,"53":8,"54":8,"55":0,"56":18,"57":26,"58":12,"59":18,"60":27,"61":13,"62":1,"63":21,"64":25,"65":25,"66":25,"67":21,"68":14,"69":21,"70":6,"71":6,"72":6,"73":21,"74":21,"75":21,"76":21,"77":1,"78":18,"79":21,"80":1},"f":{"0":1,"1":41,"2":7,"3":1,"4":1,"5":9,"6":1,"7":1,"8":8,"9":13,"10":18,"11":21,"12":26,"13":27,"14":21,"15":25,"16":14,"17":18,"18":21},"b":{"0":[41,12],"1":[6,1],"2":[7,1],"3":[1,0],"4":[9,0],"5":[21,13],"6":[13,8,0],"7":[12,14],"8":[13,14],"9":[6,15]},"_coverageSchema":"1a1c01bbd47fc00a2c39e90264f33305004495a9","hash":"bb7eafa815726e1ff883b3abc789ad7054dde793"}
,"C:\\Users\\feder\\OneDrive\\Documentos\\workspace_all\\web_workspace\\repositorios\\dynamics-tips\\dynamics-tips\\src\\modulos\\DropDown.js": {"path":"C:\\Users\\feder\\OneDrive\\Documentos\\workspace_all\\web_workspace\\repositorios\\dynamics-tips\\dynamics-tips\\src\\modulos\\DropDown.js","statementMap":{"0":{"start":{"line":3,"column":0},"end":{"line":188,"column":4}},"1":{"start":{"line":4,"column":15},"end":{"line":4,"column":19}},"2":{"start":{"line":5,"column":16},"end":{"line":5,"column":21}},"3":{"start":{"line":6,"column":19},"end":{"line":6,"column":23}},"4":{"start":{"line":9,"column":23},"end":{"line":18,"column":5}},"5":{"start":{"line":10,"column":23},"end":{"line":10,"column":44}},"6":{"start":{"line":11,"column":30},"end":{"line":11,"column":62}},"7":{"start":{"line":12,"column":8},"end":{"line":17,"column":9}},"8":{"start":{"line":13,"column":12},"end":{"line":13,"column":51}},"9":{"start":{"line":14,"column":22},"end":{"line":14,"column":51}},"10":{"start":{"line":15,"column":12},"end":{"line":15,"column":69}},"11":{"start":{"line":16,"column":12},"end":{"line":16,"column":24}},"12":{"start":{"line":20,"column":20},"end":{"line":36,"column":5}},"13":{"start":{"line":21,"column":8},"end":{"line":23,"column":9}},"14":{"start":{"line":22,"column":12},"end":{"line":22,"column":18}},"15":{"start":{"line":25,"column":8},"end":{"line":30,"column":9}},"16":{"start":{"line":26,"column":12},"end":{"line":28,"column":14}},"17":{"start":{"line":27,"column":16},"end":{"line":27,"column":40}},"18":{"start":{"line":29,"column":12},"end":{"line":29,"column":25}},"19":{"start":{"line":32,"column":8},"end":{"line":34,"column":9}},"20":{"start":{"line":33,"column":12},"end":{"line":33,"column":40}},"21":{"start":{"line":35,"column":8},"end":{"line":35,"column":26}},"22":{"start":{"line":39,"column":30},"end":{"line":56,"column":5}},"23":{"start":{"line":40,"column":8},"end":{"line":54,"column":9}},"24":{"start":{"line":41,"column":12},"end":{"line":43,"column":13}},"25":{"start":{"line":42,"column":16},"end":{"line":42,"column":43}},"26":{"start":{"line":44,"column":12},"end":{"line":46,"column":14}},"27":{"start":{"line":45,"column":16},"end":{"line":45,"column":40}},"28":{"start":{"line":47,"column":12},"end":{"line":47,"column":25}},"29":{"start":{"line":50,"column":12},"end":{"line":53,"column":13}},"30":{"start":{"line":51,"column":16},"end":{"line":51,"column":31}},"31":{"start":{"line":52,"column":16},"end":{"line":52,"column":22}},"32":{"start":{"line":55,"column":8},"end":{"line":55,"column":21}},"33":{"start":{"line":58,"column":28},"end":{"line":63,"column":5}},"34":{"start":{"line":59,"column":8},"end":{"line":61,"column":10}},"35":{"start":{"line":60,"column":12},"end":{"line":60,"column":36}},"36":{"start":{"line":62,"column":8},"end":{"line":62,"column":21}},"37":{"start":{"line":65,"column":32},"end":{"line":73,"column":5}},"38":{"start":{"line":66,"column":8},"end":{"line":68,"column":9}},"39":{"start":{"line":67,"column":12},"end":{"line":67,"column":39}},"40":{"start":{"line":69,"column":8},"end":{"line":71,"column":10}},"41":{"start":{"line":70,"column":12},"end":{"line":70,"column":36}},"42":{"start":{"line":72,"column":8},"end":{"line":72,"column":21}},"43":{"start":{"line":76,"column":29},"end":{"line":78,"column":5}},"44":{"start":{"line":77,"column":8},"end":{"line":77,"column":21}},"45":{"start":{"line":80,"column":24},"end":{"line":82,"column":5}},"46":{"start":{"line":81,"column":8},"end":{"line":81,"column":54}},"47":{"start":{"line":84,"column":24},"end":{"line":86,"column":5}},"48":{"start":{"line":85,"column":8},"end":{"line":85,"column":58}},"49":{"start":{"line":89,"column":24},"end":{"line":101,"column":5}},"50":{"start":{"line":90,"column":21},"end":{"line":90,"column":51}},"51":{"start":{"line":91,"column":8},"end":{"line":91,"column":39}},"52":{"start":{"line":93,"column":28},"end":{"line":93,"column":65}},"53":{"start":{"line":94,"column":8},"end":{"line":94,"column":59}},"54":{"start":{"line":95,"column":8},"end":{"line":95,"column":57}},"55":{"start":{"line":96,"column":8},"end":{"line":96,"column":58}},"56":{"start":{"line":97,"column":8},"end":{"line":97,"column":33}},"57":{"start":{"line":98,"column":8},"end":{"line":98,"column":46}},"58":{"start":{"line":100,"column":8},"end":{"line":100,"column":21}},"59":{"start":{"line":103,"column":24},"end":{"line":152,"column":5}},"60":{"start":{"line":105,"column":8},"end":{"line":105,"column":44}},"61":{"start":{"line":106,"column":8},"end":{"line":106,"column":46}},"62":{"start":{"line":107,"column":8},"end":{"line":107,"column":39}},"63":{"start":{"line":108,"column":8},"end":{"line":108,"column":55}},"64":{"start":{"line":110,"column":8},"end":{"line":128,"column":10}},"65":{"start":{"line":111,"column":12},"end":{"line":127,"column":13}},"66":{"start":{"line":112,"column":16},"end":{"line":112,"column":28}},"67":{"start":{"line":113,"column":26},"end":{"line":113,"column":39}},"68":{"start":{"line":114,"column":28},"end":{"line":114,"column":43}},"69":{"start":{"line":115,"column":29},"end":{"line":115,"column":47}},"70":{"start":{"line":116,"column":16},"end":{"line":116,"column":37}},"71":{"start":{"line":118,"column":16},"end":{"line":122,"column":17}},"72":{"start":{"line":119,"column":20},"end":{"line":119,"column":34}},"73":{"start":{"line":121,"column":20},"end":{"line":121,"column":34}},"74":{"start":{"line":125,"column":29},"end":{"line":125,"column":48}},"75":{"start":{"line":126,"column":16},"end":{"line":126,"column":37}},"76":{"start":{"line":131,"column":8},"end":{"line":133,"column":10}},"77":{"start":{"line":132,"column":12},"end":{"line":132,"column":67}},"78":{"start":{"line":136,"column":8},"end":{"line":140,"column":10}},"79":{"start":{"line":137,"column":12},"end":{"line":139,"column":13}},"80":{"start":{"line":138,"column":16},"end":{"line":138,"column":36}},"81":{"start":{"line":143,"column":8},"end":{"line":151,"column":10}},"82":{"start":{"line":144,"column":12},"end":{"line":146,"column":13}},"83":{"start":{"line":145,"column":16},"end":{"line":145,"column":43}},"84":{"start":{"line":147,"column":12},"end":{"line":149,"column":14}},"85":{"start":{"line":148,"column":16},"end":{"line":148,"column":40}},"86":{"start":{"line":150,"column":12},"end":{"line":150,"column":25}},"87":{"start":{"line":154,"column":20},"end":{"line":180,"column":5}},"88":{"start":{"line":156,"column":8},"end":{"line":159,"column":10}},"89":{"start":{"line":157,"column":12},"end":{"line":157,"column":61}},"90":{"start":{"line":158,"column":12},"end":{"line":158,"column":65}},"91":{"start":{"line":162,"column":8},"end":{"line":164,"column":10}},"92":{"start":{"line":163,"column":12},"end":{"line":163,"column":70}},"93":{"start":{"line":167,"column":8},"end":{"line":171,"column":9}},"94":{"start":{"line":168,"column":12},"end":{"line":168,"column":62}},"95":{"start":{"line":169,"column":12},"end":{"line":169,"column":25}},"96":{"start":{"line":170,"column":12},"end":{"line":170,"column":23}},"97":{"start":{"line":174,"column":8},"end":{"line":176,"column":10}},"98":{"start":{"line":175,"column":12},"end":{"line":175,"column":27}},"99":{"start":{"line":178,"column":8},"end":{"line":178,"column":21}},"100":{"start":{"line":179,"column":8},"end":{"line":179,"column":23}},"101":{"start":{"line":182,"column":21},"end":{"line":185,"column":5}},"102":{"start":{"line":183,"column":23},"end":{"line":183,"column":36}},"103":{"start":{"line":184,"column":23},"end":{"line":184,"column":32}},"104":{"start":{"line":187,"column":4},"end":{"line":187,"column":30}}},"fnMap":{"0":{"name":"(anonymous_0)","decl":{"start":{"line":3,"column":1},"end":{"line":3,"column":2}},"loc":{"start":{"line":3,"column":13},"end":{"line":188,"column":1}},"line":3},"1":{"name":"(anonymous_1)","decl":{"start":{"line":9,"column":23},"end":{"line":9,"column":24}},"loc":{"start":{"line":9,"column":35},"end":{"line":18,"column":5}},"line":9},"2":{"name":"(anonymous_2)","decl":{"start":{"line":20,"column":20},"end":{"line":20,"column":21}},"loc":{"start":{"line":20,"column":32},"end":{"line":36,"column":5}},"line":20},"3":{"name":"(anonymous_3)","decl":{"start":{"line":26,"column":59},"end":{"line":26,"column":60}},"loc":{"start":{"line":26,"column":66},"end":{"line":28,"column":13}},"line":26},"4":{"name":"(anonymous_4)","decl":{"start":{"line":39,"column":30},"end":{"line":39,"column":31}},"loc":{"start":{"line":39,"column":45},"end":{"line":56,"column":5}},"line":39},"5":{"name":"(anonymous_5)","decl":{"start":{"line":44,"column":59},"end":{"line":44,"column":60}},"loc":{"start":{"line":44,"column":66},"end":{"line":46,"column":13}},"line":44},"6":{"name":"(anonymous_6)","decl":{"start":{"line":58,"column":28},"end":{"line":58,"column":29}},"loc":{"start":{"line":58,"column":37},"end":{"line":63,"column":5}},"line":58},"7":{"name":"(anonymous_7)","decl":{"start":{"line":59,"column":74},"end":{"line":59,"column":75}},"loc":{"start":{"line":59,"column":81},"end":{"line":61,"column":9}},"line":59},"8":{"name":"(anonymous_8)","decl":{"start":{"line":65,"column":32},"end":{"line":65,"column":33}},"loc":{"start":{"line":65,"column":41},"end":{"line":73,"column":5}},"line":65},"9":{"name":"(anonymous_9)","decl":{"start":{"line":69,"column":55},"end":{"line":69,"column":56}},"loc":{"start":{"line":69,"column":62},"end":{"line":71,"column":9}},"line":69},"10":{"name":"(anonymous_10)","decl":{"start":{"line":76,"column":29},"end":{"line":76,"column":30}},"loc":{"start":{"line":76,"column":44},"end":{"line":78,"column":5}},"line":76},"11":{"name":"(anonymous_11)","decl":{"start":{"line":80,"column":24},"end":{"line":80,"column":25}},"loc":{"start":{"line":80,"column":31},"end":{"line":82,"column":5}},"line":80},"12":{"name":"(anonymous_12)","decl":{"start":{"line":84,"column":24},"end":{"line":84,"column":25}},"loc":{"start":{"line":84,"column":31},"end":{"line":86,"column":5}},"line":84},"13":{"name":"(anonymous_13)","decl":{"start":{"line":89,"column":24},"end":{"line":89,"column":25}},"loc":{"start":{"line":89,"column":35},"end":{"line":101,"column":5}},"line":89},"14":{"name":"(anonymous_14)","decl":{"start":{"line":103,"column":24},"end":{"line":103,"column":25}},"loc":{"start":{"line":103,"column":30},"end":{"line":152,"column":5}},"line":103},"15":{"name":"(anonymous_15)","decl":{"start":{"line":110,"column":62},"end":{"line":110,"column":63}},"loc":{"start":{"line":110,"column":69},"end":{"line":128,"column":9}},"line":110},"16":{"name":"(anonymous_16)","decl":{"start":{"line":131,"column":55},"end":{"line":131,"column":56}},"loc":{"start":{"line":131,"column":69},"end":{"line":133,"column":9}},"line":131},"17":{"name":"(anonymous_17)","decl":{"start":{"line":136,"column":42},"end":{"line":136,"column":43}},"loc":{"start":{"line":136,"column":48},"end":{"line":140,"column":9}},"line":136},"18":{"name":"(anonymous_18)","decl":{"start":{"line":143,"column":42},"end":{"line":143,"column":43}},"loc":{"start":{"line":143,"column":48},"end":{"line":151,"column":9}},"line":143},"19":{"name":"(anonymous_19)","decl":{"start":{"line":147,"column":59},"end":{"line":147,"column":60}},"loc":{"start":{"line":147,"column":66},"end":{"line":149,"column":13}},"line":147},"20":{"name":"(anonymous_20)","decl":{"start":{"line":154,"column":20},"end":{"line":154,"column":21}},"loc":{"start":{"line":154,"column":26},"end":{"line":180,"column":5}},"line":154},"21":{"name":"(anonymous_21)","decl":{"start":{"line":156,"column":62},"end":{"line":156,"column":63}},"loc":{"start":{"line":156,"column":69},"end":{"line":159,"column":9}},"line":156},"22":{"name":"(anonymous_22)","decl":{"start":{"line":162,"column":55},"end":{"line":162,"column":56}},"loc":{"start":{"line":162,"column":69},"end":{"line":164,"column":9}},"line":162},"23":{"name":"(anonymous_23)","decl":{"start":{"line":174,"column":54},"end":{"line":174,"column":55}},"loc":{"start":{"line":174,"column":66},"end":{"line":176,"column":9}},"line":174},"24":{"name":"(anonymous_24)","decl":{"start":{"line":183,"column":17},"end":{"line":183,"column":18}},"loc":{"start":{"line":183,"column":23},"end":{"line":183,"column":36}},"line":183},"25":{"name":"(anonymous_25)","decl":{"start":{"line":184,"column":17},"end":{"line":184,"column":18}},"loc":{"start":{"line":184,"column":23},"end":{"line":184,"column":32}},"line":184}},"branchMap":{"0":{"loc":{"start":{"line":12,"column":8},"end":{"line":17,"column":9}},"type":"if","locations":[{"start":{"line":12,"column":8},"end":{"line":17,"column":9}},{"start":{},"end":{}}],"line":12},"1":{"loc":{"start":{"line":14,"column":22},"end":{"line":14,"column":51}},"type":"binary-expr","locations":[{"start":{"line":14,"column":22},"end":{"line":14,"column":40}},{"start":{"line":14,"column":44},"end":{"line":14,"column":51}}],"line":14},"2":{"loc":{"start":{"line":21,"column":8},"end":{"line":23,"column":9}},"type":"if","locations":[{"start":{"line":21,"column":8},"end":{"line":23,"column":9}},{"start":{},"end":{}}],"line":21},"3":{"loc":{"start":{"line":25,"column":8},"end":{"line":30,"column":9}},"type":"if","locations":[{"start":{"line":25,"column":8},"end":{"line":30,"column":9}},{"start":{},"end":{}}],"line":25},"4":{"loc":{"start":{"line":32,"column":8},"end":{"line":34,"column":9}},"type":"if","locations":[{"start":{"line":32,"column":8},"end":{"line":34,"column":9}},{"start":{},"end":{}}],"line":32},"5":{"loc":{"start":{"line":40,"column":8},"end":{"line":54,"column":9}},"type":"if","locations":[{"start":{"line":40,"column":8},"end":{"line":54,"column":9}},{"start":{},"end":{}}],"line":40},"6":{"loc":{"start":{"line":41,"column":12},"end":{"line":43,"column":13}},"type":"if","locations":[{"start":{"line":41,"column":12},"end":{"line":43,"column":13}},{"start":{},"end":{}}],"line":41},"7":{"loc":{"start":{"line":50,"column":12},"end":{"line":53,"column":13}},"type":"if","locations":[{"start":{"line":50,"column":12},"end":{"line":53,"column":13}},{"start":{},"end":{}}],"line":50},"8":{"loc":{"start":{"line":66,"column":8},"end":{"line":68,"column":9}},"type":"if","locations":[{"start":{"line":66,"column":8},"end":{"line":68,"column":9}},{"start":{},"end":{}}],"line":66},"9":{"loc":{"start":{"line":93,"column":28},"end":{"line":93,"column":65}},"type":"cond-expr","locations":[{"start":{"line":93,"column":50},"end":{"line":93,"column":55}},{"start":{"line":93,"column":58},"end":{"line":93,"column":65}}],"line":93},"10":{"loc":{"start":{"line":111,"column":12},"end":{"line":127,"column":13}},"type":"if","locations":[{"start":{"line":111,"column":12},"end":{"line":127,"column":13}},{"start":{"line":123,"column":19},"end":{"line":127,"column":13}}],"line":111},"11":{"loc":{"start":{"line":118,"column":16},"end":{"line":122,"column":17}},"type":"if","locations":[{"start":{"line":118,"column":16},"end":{"line":122,"column":17}},{"start":{"line":120,"column":23},"end":{"line":122,"column":17}}],"line":118},"12":{"loc":{"start":{"line":137,"column":12},"end":{"line":139,"column":13}},"type":"if","locations":[{"start":{"line":137,"column":12},"end":{"line":139,"column":13}},{"start":{},"end":{}}],"line":137},"13":{"loc":{"start":{"line":137,"column":16},"end":{"line":137,"column":33}},"type":"binary-expr","locations":[{"start":{"line":137,"column":16},"end":{"line":137,"column":21}},{"start":{"line":137,"column":25},"end":{"line":137,"column":33}}],"line":137},"14":{"loc":{"start":{"line":144,"column":12},"end":{"line":146,"column":13}},"type":"if","locations":[{"start":{"line":144,"column":12},"end":{"line":146,"column":13}},{"start":{},"end":{}}],"line":144},"15":{"loc":{"start":{"line":167,"column":8},"end":{"line":171,"column":9}},"type":"if","locations":[{"start":{"line":167,"column":8},"end":{"line":171,"column":9}},{"start":{},"end":{}}],"line":167}},"s":{"0":1,"1":1,"2":1,"3":1,"4":1,"5":17,"6":17,"7":17,"8":17,"9":17,"10":17,"11":17,"12":1,"13":8,"14":0,"15":8,"16":0,"17":0,"18":0,"19":8,"20":8,"21":8,"22":1,"23":8,"24":1,"25":1,"26":1,"27":1,"28":1,"29":1,"30":1,"31":1,"32":7,"33":1,"34":1,"35":2,"36":1,"37":1,"38":1,"39":1,"40":1,"41":1,"42":1,"43":1,"44":1,"45":1,"46":11,"47":1,"48":1,"49":1,"50":13,"51":13,"52":13,"53":13,"54":13,"55":13,"56":13,"57":13,"58":13,"59":1,"60":13,"61":13,"62":13,"63":13,"64":13,"65":13,"66":12,"67":12,"68":12,"69":12,"70":12,"71":12,"72":1,"73":11,"74":1,"75":1,"76":13,"77":12,"78":13,"79":19,"80":9,"81":13,"82":11,"83":11,"84":11,"85":11,"86":11,"87":1,"88":15,"89":15,"90":15,"91":15,"92":14,"93":15,"94":13,"95":13,"96":13,"97":15,"98":13,"99":15,"100":15,"101":1,"102":13,"103":15,"104":1},"f":{"0":1,"1":17,"2":8,"3":0,"4":8,"5":1,"6":1,"7":2,"8":1,"9":1,"10":1,"11":11,"12":1,"13":13,"14":13,"15":13,"16":12,"17":19,"18":11,"19":11,"20":15,"21":15,"22":14,"23":13,"24":13,"25":15},"b":{"0":[17,0],"1":[17,16],"2":[0,8],"3":[0,8],"4":[8,0],"5":[1,7],"6":[1,0],"7":[1,0],"8":[1,0],"9":[1,12],"10":[12,1],"11":[1,11],"12":[9,10],"13":[19,9],"14":[11,0],"15":[13,2]},"_coverageSchema":"1a1c01bbd47fc00a2c39e90264f33305004495a9","hash":"ac19dd74f7914400651498f0bfec61d8b8044a46"}
,"C:\\Users\\feder\\OneDrive\\Documentos\\workspace_all\\web_workspace\\repositorios\\dynamics-tips\\dynamics-tips\\src\\modulos\\ToolTips.js": {"path":"C:\\Users\\feder\\OneDrive\\Documentos\\workspace_all\\web_workspace\\repositorios\\dynamics-tips\\dynamics-tips\\src\\modulos\\ToolTips.js","statementMap":{"0":{"start":{"line":6,"column":0},"end":{"line":146,"column":4}},"1":{"start":{"line":10,"column":17},"end":{"line":10,"column":21}},"2":{"start":{"line":13,"column":14},"end":{"line":13,"column":18}},"3":{"start":{"line":17,"column":15},"end":{"line":17,"column":19}},"4":{"start":{"line":21,"column":17},"end":{"line":21,"column":22}},"5":{"start":{"line":23,"column":25},"end":{"line":31,"column":5}},"6":{"start":{"line":24,"column":8},"end":{"line":30,"column":9}},"7":{"start":{"line":25,"column":12},"end":{"line":25,"column":76}},"8":{"start":{"line":25,"column":65},"end":{"line":25,"column":75}},"9":{"start":{"line":26,"column":12},"end":{"line":26,"column":76}},"10":{"start":{"line":26,"column":65},"end":{"line":26,"column":75}},"11":{"start":{"line":27,"column":12},"end":{"line":27,"column":76}},"12":{"start":{"line":27,"column":65},"end":{"line":27,"column":75}},"13":{"start":{"line":28,"column":12},"end":{"line":28,"column":76}},"14":{"start":{"line":28,"column":65},"end":{"line":28,"column":75}},"15":{"start":{"line":29,"column":12},"end":{"line":29,"column":32}},"16":{"start":{"line":40,"column":30},"end":{"line":46,"column":5}},"17":{"start":{"line":41,"column":18},"end":{"line":41,"column":36}},"18":{"start":{"line":44,"column":8},"end":{"line":44,"column":52}},"19":{"start":{"line":45,"column":8},"end":{"line":45,"column":21}},"20":{"start":{"line":54,"column":20},"end":{"line":57,"column":5}},"21":{"start":{"line":55,"column":8},"end":{"line":55,"column":38}},"22":{"start":{"line":56,"column":8},"end":{"line":56,"column":38}},"23":{"start":{"line":64,"column":24},"end":{"line":72,"column":5}},"24":{"start":{"line":65,"column":8},"end":{"line":65,"column":69}},"25":{"start":{"line":65,"column":57},"end":{"line":65,"column":68}},"26":{"start":{"line":66,"column":8},"end":{"line":66,"column":27}},"27":{"start":{"line":67,"column":8},"end":{"line":67,"column":43}},"28":{"start":{"line":68,"column":8},"end":{"line":68,"column":33}},"29":{"start":{"line":69,"column":8},"end":{"line":69,"column":43}},"30":{"start":{"line":70,"column":8},"end":{"line":70,"column":46}},"31":{"start":{"line":70,"column":18},"end":{"line":70,"column":46}},"32":{"start":{"line":71,"column":8},"end":{"line":71,"column":28}},"33":{"start":{"line":74,"column":28},"end":{"line":78,"column":5}},"34":{"start":{"line":75,"column":8},"end":{"line":75,"column":69}},"35":{"start":{"line":75,"column":57},"end":{"line":75,"column":68}},"36":{"start":{"line":76,"column":8},"end":{"line":76,"column":45}},"37":{"start":{"line":76,"column":18},"end":{"line":76,"column":45}},"38":{"start":{"line":77,"column":8},"end":{"line":77,"column":22}},"39":{"start":{"line":80,"column":24},"end":{"line":89,"column":5}},"40":{"start":{"line":81,"column":8},"end":{"line":86,"column":9}},"41":{"start":{"line":82,"column":12},"end":{"line":82,"column":48}},"42":{"start":{"line":83,"column":12},"end":{"line":83,"column":50}},"43":{"start":{"line":84,"column":12},"end":{"line":84,"column":43}},"44":{"start":{"line":85,"column":12},"end":{"line":85,"column":59}},"45":{"start":{"line":88,"column":8},"end":{"line":88,"column":48}},"46":{"start":{"line":91,"column":23},"end":{"line":97,"column":5}},"47":{"start":{"line":92,"column":8},"end":{"line":92,"column":25}},"48":{"start":{"line":93,"column":8},"end":{"line":93,"column":43}},"49":{"start":{"line":94,"column":8},"end":{"line":94,"column":33}},"50":{"start":{"line":95,"column":8},"end":{"line":95,"column":43}},"51":{"start":{"line":96,"column":8},"end":{"line":96,"column":28}},"52":{"start":{"line":99,"column":23},"end":{"line":102,"column":5}},"53":{"start":{"line":100,"column":8},"end":{"line":100,"column":29}},"54":{"start":{"line":100,"column":17},"end":{"line":100,"column":29}},"55":{"start":{"line":101,"column":8},"end":{"line":101,"column":22}},"56":{"start":{"line":104,"column":24},"end":{"line":107,"column":5}},"57":{"start":{"line":105,"column":8},"end":{"line":105,"column":52}},"58":{"start":{"line":106,"column":8},"end":{"line":106,"column":52}},"59":{"start":{"line":109,"column":24},"end":{"line":121,"column":5}},"60":{"start":{"line":110,"column":8},"end":{"line":118,"column":10}},"61":{"start":{"line":111,"column":25},"end":{"line":111,"column":38}},"62":{"start":{"line":112,"column":12},"end":{"line":117,"column":30}},"63":{"start":{"line":113,"column":16},"end":{"line":113,"column":30}},"64":{"start":{"line":114,"column":17},"end":{"line":117,"column":30}},"65":{"start":{"line":115,"column":16},"end":{"line":115,"column":30}},"66":{"start":{"line":117,"column":16},"end":{"line":117,"column":30}},"67":{"start":{"line":120,"column":8},"end":{"line":120,"column":55}},"68":{"start":{"line":123,"column":20},"end":{"line":137,"column":5}},"69":{"start":{"line":124,"column":8},"end":{"line":128,"column":10}},"70":{"start":{"line":125,"column":12},"end":{"line":125,"column":55}},"71":{"start":{"line":126,"column":12},"end":{"line":126,"column":59}},"72":{"start":{"line":127,"column":12},"end":{"line":127,"column":59}},"73":{"start":{"line":129,"column":8},"end":{"line":129,"column":58}},"74":{"start":{"line":130,"column":8},"end":{"line":133,"column":9}},"75":{"start":{"line":131,"column":12},"end":{"line":131,"column":25}},"76":{"start":{"line":132,"column":12},"end":{"line":132,"column":23}},"77":{"start":{"line":134,"column":8},"end":{"line":134,"column":21}},"78":{"start":{"line":135,"column":8},"end":{"line":135,"column":18}},"79":{"start":{"line":136,"column":8},"end":{"line":136,"column":22}},"80":{"start":{"line":140,"column":21},"end":{"line":143,"column":5}},"81":{"start":{"line":141,"column":23},"end":{"line":141,"column":36}},"82":{"start":{"line":142,"column":23},"end":{"line":142,"column":32}},"83":{"start":{"line":145,"column":4},"end":{"line":145,"column":30}}},"fnMap":{"0":{"name":"(anonymous_0)","decl":{"start":{"line":6,"column":1},"end":{"line":6,"column":2}},"loc":{"start":{"line":6,"column":13},"end":{"line":146,"column":1}},"line":6},"1":{"name":"(anonymous_1)","decl":{"start":{"line":23,"column":25},"end":{"line":23,"column":26}},"loc":{"start":{"line":23,"column":31},"end":{"line":31,"column":5}},"line":23},"2":{"name":"(anonymous_2)","decl":{"start":{"line":25,"column":60},"end":{"line":25,"column":61}},"loc":{"start":{"line":25,"column":65},"end":{"line":25,"column":75}},"line":25},"3":{"name":"(anonymous_3)","decl":{"start":{"line":26,"column":60},"end":{"line":26,"column":61}},"loc":{"start":{"line":26,"column":65},"end":{"line":26,"column":75}},"line":26},"4":{"name":"(anonymous_4)","decl":{"start":{"line":27,"column":60},"end":{"line":27,"column":61}},"loc":{"start":{"line":27,"column":65},"end":{"line":27,"column":75}},"line":27},"5":{"name":"(anonymous_5)","decl":{"start":{"line":28,"column":60},"end":{"line":28,"column":61}},"loc":{"start":{"line":28,"column":65},"end":{"line":28,"column":75}},"line":28},"6":{"name":"(anonymous_6)","decl":{"start":{"line":40,"column":30},"end":{"line":40,"column":31}},"loc":{"start":{"line":40,"column":47},"end":{"line":46,"column":5}},"line":40},"7":{"name":"(anonymous_7)","decl":{"start":{"line":54,"column":20},"end":{"line":54,"column":21}},"loc":{"start":{"line":54,"column":37},"end":{"line":57,"column":5}},"line":54},"8":{"name":"(anonymous_8)","decl":{"start":{"line":64,"column":24},"end":{"line":64,"column":25}},"loc":{"start":{"line":64,"column":33},"end":{"line":72,"column":5}},"line":64},"9":{"name":"(anonymous_9)","decl":{"start":{"line":65,"column":51},"end":{"line":65,"column":52}},"loc":{"start":{"line":65,"column":57},"end":{"line":65,"column":68}},"line":65},"10":{"name":"(anonymous_10)","decl":{"start":{"line":74,"column":28},"end":{"line":74,"column":29}},"loc":{"start":{"line":74,"column":34},"end":{"line":78,"column":5}},"line":74},"11":{"name":"(anonymous_11)","decl":{"start":{"line":75,"column":51},"end":{"line":75,"column":52}},"loc":{"start":{"line":75,"column":57},"end":{"line":75,"column":68}},"line":75},"12":{"name":"(anonymous_12)","decl":{"start":{"line":80,"column":24},"end":{"line":80,"column":25}},"loc":{"start":{"line":80,"column":31},"end":{"line":89,"column":5}},"line":80},"13":{"name":"(anonymous_13)","decl":{"start":{"line":91,"column":23},"end":{"line":91,"column":24}},"loc":{"start":{"line":91,"column":30},"end":{"line":97,"column":5}},"line":91},"14":{"name":"(anonymous_14)","decl":{"start":{"line":99,"column":23},"end":{"line":99,"column":24}},"loc":{"start":{"line":99,"column":29},"end":{"line":102,"column":5}},"line":99},"15":{"name":"(anonymous_15)","decl":{"start":{"line":104,"column":24},"end":{"line":104,"column":25}},"loc":{"start":{"line":104,"column":31},"end":{"line":107,"column":5}},"line":104},"16":{"name":"(anonymous_16)","decl":{"start":{"line":109,"column":24},"end":{"line":109,"column":25}},"loc":{"start":{"line":109,"column":30},"end":{"line":121,"column":5}},"line":109},"17":{"name":"(anonymous_17)","decl":{"start":{"line":110,"column":55},"end":{"line":110,"column":56}},"loc":{"start":{"line":110,"column":62},"end":{"line":118,"column":9}},"line":110},"18":{"name":"(anonymous_18)","decl":{"start":{"line":123,"column":20},"end":{"line":123,"column":21}},"loc":{"start":{"line":123,"column":26},"end":{"line":137,"column":5}},"line":123},"19":{"name":"(anonymous_19)","decl":{"start":{"line":124,"column":55},"end":{"line":124,"column":56}},"loc":{"start":{"line":124,"column":62},"end":{"line":128,"column":9}},"line":124},"20":{"name":"(anonymous_20)","decl":{"start":{"line":141,"column":17},"end":{"line":141,"column":18}},"loc":{"start":{"line":141,"column":23},"end":{"line":141,"column":36}},"line":141},"21":{"name":"(anonymous_21)","decl":{"start":{"line":142,"column":17},"end":{"line":142,"column":18}},"loc":{"start":{"line":142,"column":23},"end":{"line":142,"column":32}},"line":142}},"branchMap":{"0":{"loc":{"start":{"line":24,"column":8},"end":{"line":30,"column":9}},"type":"if","locations":[{"start":{"line":24,"column":8},"end":{"line":30,"column":9}},{"start":{},"end":{}}],"line":24},"1":{"loc":{"start":{"line":70,"column":8},"end":{"line":70,"column":46}},"type":"if","locations":[{"start":{"line":70,"column":8},"end":{"line":70,"column":46}},{"start":{},"end":{}}],"line":70},"2":{"loc":{"start":{"line":76,"column":8},"end":{"line":76,"column":45}},"type":"if","locations":[{"start":{"line":76,"column":8},"end":{"line":76,"column":45}},{"start":{},"end":{}}],"line":76},"3":{"loc":{"start":{"line":81,"column":8},"end":{"line":86,"column":9}},"type":"if","locations":[{"start":{"line":81,"column":8},"end":{"line":86,"column":9}},{"start":{},"end":{}}],"line":81},"4":{"loc":{"start":{"line":100,"column":8},"end":{"line":100,"column":29}},"type":"if","locations":[{"start":{"line":100,"column":8},"end":{"line":100,"column":29}},{"start":{},"end":{}}],"line":100},"5":{"loc":{"start":{"line":112,"column":12},"end":{"line":117,"column":30}},"type":"if","locations":[{"start":{"line":112,"column":12},"end":{"line":117,"column":30}},{"start":{"line":114,"column":17},"end":{"line":117,"column":30}}],"line":112},"6":{"loc":{"start":{"line":114,"column":17},"end":{"line":117,"column":30}},"type":"if","locations":[{"start":{"line":114,"column":17},"end":{"line":117,"column":30}},{"start":{"line":117,"column":16},"end":{"line":117,"column":30}}],"line":114},"7":{"loc":{"start":{"line":130,"column":8},"end":{"line":133,"column":9}},"type":"if","locations":[{"start":{"line":130,"column":8},"end":{"line":133,"column":9}},{"start":{},"end":{}}],"line":130}},"s":{"0":1,"1":1,"2":1,"3":1,"4":1,"5":1,"6":1,"7":1,"8":0,"9":1,"10":0,"11":1,"12":0,"13":1,"14":0,"15":1,"16":1,"17":17,"18":17,"19":17,"20":1,"21":17,"22":17,"23":1,"24":6,"25":1,"26":6,"27":6,"28":6,"29":6,"30":6,"31":6,"32":6,"33":1,"34":1,"35":1,"36":1,"37":1,"38":1,"39":1,"40":7,"41":6,"42":6,"43":6,"44":6,"45":7,"46":1,"47":10,"48":10,"49":10,"50":10,"51":10,"52":1,"53":1,"54":1,"55":1,"56":1,"57":12,"58":12,"59":1,"60":17,"61":19,"62":19,"63":7,"64":12,"65":0,"66":12,"67":17,"68":1,"69":20,"70":22,"71":22,"72":22,"73":20,"74":20,"75":6,"76":6,"77":20,"78":20,"79":20,"80":1,"81":17,"82":20,"83":1},"f":{"0":1,"1":1,"2":0,"3":0,"4":0,"5":0,"6":17,"7":17,"8":6,"9":1,"10":1,"11":1,"12":7,"13":10,"14":1,"15":12,"16":17,"17":19,"18":20,"19":22,"20":17,"21":20},"b":{"0":[1,0],"1":[6,0],"2":[1,0],"3":[6,1],"4":[1,0],"5":[7,12],"6":[0,12],"7":[6,14]},"_coverageSchema":"1a1c01bbd47fc00a2c39e90264f33305004495a9","hash":"eec5a9ecd9ecbce72d1332794df59573dedfec6b"}
,"C:\\Users\\feder\\OneDrive\\Documentos\\workspace_all\\web_workspace\\repositorios\\dynamics-tips\\dynamics-tips\\src\\modulos\\posicionamineto\\Posicionamiento.js": {"path":"C:\\Users\\feder\\OneDrive\\Documentos\\workspace_all\\web_workspace\\repositorios\\dynamics-tips\\dynamics-tips\\src\\modulos\\posicionamineto\\Posicionamiento.js","statementMap":{"0":{"start":{"line":16,"column":16},"end":{"line":16,"column":72}},"1":{"start":{"line":17,"column":8},"end":{"line":17,"column":33}},"2":{"start":{"line":18,"column":8},"end":{"line":18,"column":16}},"3":{"start":{"line":28,"column":16},"end":{"line":28,"column":71}},"4":{"start":{"line":29,"column":8},"end":{"line":29,"column":32}},"5":{"start":{"line":30,"column":8},"end":{"line":30,"column":16}},"6":{"start":{"line":40,"column":32},"end":{"line":40,"column":87}},"7":{"start":{"line":41,"column":27},"end":{"line":41,"column":45}},"8":{"start":{"line":42,"column":27},"end":{"line":42,"column":43}},"9":{"start":{"line":43,"column":8},"end":{"line":43,"column":60}},"10":{"start":{"line":53,"column":29},"end":{"line":53,"column":47}},"11":{"start":{"line":54,"column":27},"end":{"line":54,"column":45}},"12":{"start":{"line":55,"column":32},"end":{"line":55,"column":87}},"13":{"start":{"line":56,"column":29},"end":{"line":56,"column":48}},"14":{"start":{"line":57,"column":27},"end":{"line":57,"column":43}},"15":{"start":{"line":58,"column":8},"end":{"line":60,"column":28}},"16":{"start":{"line":65,"column":28},"end":{"line":65,"column":64}},"17":{"start":{"line":66,"column":33},"end":{"line":66,"column":89}},"18":{"start":{"line":67,"column":28},"end":{"line":67,"column":46}},"19":{"start":{"line":68,"column":26},"end":{"line":68,"column":41}},"20":{"start":{"line":69,"column":8},"end":{"line":69,"column":80}},"21":{"start":{"line":73,"column":8},"end":{"line":73,"column":95}},"22":{"start":{"line":77,"column":19},"end":{"line":77,"column":57}},"23":{"start":{"line":78,"column":8},"end":{"line":78,"column":90}},"24":{"start":{"line":82,"column":19},"end":{"line":82,"column":59}},"25":{"start":{"line":83,"column":8},"end":{"line":83,"column":90}},"26":{"start":{"line":88,"column":24},"end":{"line":88,"column":77}},"27":{"start":{"line":89,"column":8},"end":{"line":89,"column":46}},"28":{"start":{"line":93,"column":24},"end":{"line":93,"column":55}},"29":{"start":{"line":94,"column":8},"end":{"line":94,"column":52}},"30":{"start":{"line":98,"column":24},"end":{"line":98,"column":136}},"31":{"start":{"line":99,"column":8},"end":{"line":99,"column":59}},"32":{"start":{"line":103,"column":8},"end":{"line":103,"column":111}},"33":{"start":{"line":105,"column":17},"end":{"line":105,"column":51}},"34":{"start":{"line":106,"column":17},"end":{"line":106,"column":49}},"35":{"start":{"line":108,"column":8},"end":{"line":111,"column":9}},"36":{"start":{"line":109,"column":12},"end":{"line":109,"column":97}},"37":{"start":{"line":110,"column":12},"end":{"line":110,"column":18}},"38":{"start":{"line":112,"column":8},"end":{"line":113,"column":97}},"39":{"start":{"line":113,"column":12},"end":{"line":113,"column":97}},"40":{"start":{"line":114,"column":8},"end":{"line":114,"column":49}},"41":{"start":{"line":119,"column":8},"end":{"line":119,"column":114}},"42":{"start":{"line":120,"column":17},"end":{"line":120,"column":51}},"43":{"start":{"line":121,"column":17},"end":{"line":121,"column":49}},"44":{"start":{"line":122,"column":8},"end":{"line":125,"column":9}},"45":{"start":{"line":123,"column":12},"end":{"line":123,"column":97}},"46":{"start":{"line":124,"column":12},"end":{"line":124,"column":18}},"47":{"start":{"line":126,"column":8},"end":{"line":127,"column":97}},"48":{"start":{"line":127,"column":12},"end":{"line":127,"column":97}},"49":{"start":{"line":128,"column":8},"end":{"line":128,"column":48}},"50":{"start":{"line":132,"column":8},"end":{"line":132,"column":113}},"51":{"start":{"line":133,"column":17},"end":{"line":133,"column":48}},"52":{"start":{"line":134,"column":8},"end":{"line":135,"column":94}},"53":{"start":{"line":135,"column":12},"end":{"line":135,"column":94}},"54":{"start":{"line":136,"column":8},"end":{"line":136,"column":49}},"55":{"start":{"line":140,"column":8},"end":{"line":140,"column":116}},"56":{"start":{"line":141,"column":17},"end":{"line":141,"column":48}},"57":{"start":{"line":142,"column":8},"end":{"line":143,"column":94}},"58":{"start":{"line":143,"column":12},"end":{"line":143,"column":94}},"59":{"start":{"line":144,"column":8},"end":{"line":144,"column":48}}},"fnMap":{"0":{"name":"(anonymous_0)","decl":{"start":{"line":15,"column":4},"end":{"line":15,"column":5}},"loc":{"start":{"line":15,"column":48},"end":{"line":19,"column":5}},"line":15},"1":{"name":"(anonymous_1)","decl":{"start":{"line":27,"column":4},"end":{"line":27,"column":5}},"loc":{"start":{"line":27,"column":48},"end":{"line":31,"column":5}},"line":27},"2":{"name":"(anonymous_2)","decl":{"start":{"line":39,"column":4},"end":{"line":39,"column":5}},"loc":{"start":{"line":39,"column":36},"end":{"line":44,"column":5}},"line":39},"3":{"name":"(anonymous_3)","decl":{"start":{"line":52,"column":4},"end":{"line":52,"column":5}},"loc":{"start":{"line":52,"column":35},"end":{"line":61,"column":5}},"line":52},"4":{"name":"(anonymous_4)","decl":{"start":{"line":64,"column":4},"end":{"line":64,"column":5}},"loc":{"start":{"line":64,"column":37},"end":{"line":70,"column":5}},"line":64},"5":{"name":"(anonymous_5)","decl":{"start":{"line":72,"column":4},"end":{"line":72,"column":5}},"loc":{"start":{"line":72,"column":39},"end":{"line":74,"column":5}},"line":72},"6":{"name":"(anonymous_6)","decl":{"start":{"line":76,"column":4},"end":{"line":76,"column":5}},"loc":{"start":{"line":76,"column":50},"end":{"line":79,"column":5}},"line":76},"7":{"name":"(anonymous_7)","decl":{"start":{"line":81,"column":4},"end":{"line":81,"column":5}},"loc":{"start":{"line":81,"column":48},"end":{"line":84,"column":5}},"line":81},"8":{"name":"(anonymous_8)","decl":{"start":{"line":87,"column":4},"end":{"line":87,"column":5}},"loc":{"start":{"line":87,"column":30},"end":{"line":90,"column":5}},"line":87},"9":{"name":"(anonymous_9)","decl":{"start":{"line":92,"column":4},"end":{"line":92,"column":5}},"loc":{"start":{"line":92,"column":27},"end":{"line":95,"column":5}},"line":92},"10":{"name":"(anonymous_10)","decl":{"start":{"line":97,"column":4},"end":{"line":97,"column":5}},"loc":{"start":{"line":97,"column":28},"end":{"line":100,"column":5}},"line":97},"11":{"name":"(anonymous_11)","decl":{"start":{"line":102,"column":4},"end":{"line":102,"column":5}},"loc":{"start":{"line":102,"column":41},"end":{"line":115,"column":5}},"line":102},"12":{"name":"(anonymous_12)","decl":{"start":{"line":118,"column":4},"end":{"line":118,"column":5}},"loc":{"start":{"line":118,"column":40},"end":{"line":129,"column":5}},"line":118},"13":{"name":"(anonymous_13)","decl":{"start":{"line":131,"column":4},"end":{"line":131,"column":5}},"loc":{"start":{"line":131,"column":44},"end":{"line":137,"column":5}},"line":131},"14":{"name":"(anonymous_14)","decl":{"start":{"line":139,"column":4},"end":{"line":139,"column":5}},"loc":{"start":{"line":139,"column":42},"end":{"line":145,"column":5}},"line":139}},"branchMap":{"0":{"loc":{"start":{"line":89,"column":15},"end":{"line":89,"column":46}},"type":"cond-expr","locations":[{"start":{"line":89,"column":30},"end":{"line":89,"column":42}},{"start":{"line":89,"column":45},"end":{"line":89,"column":46}}],"line":89},"1":{"loc":{"start":{"line":94,"column":15},"end":{"line":94,"column":52}},"type":"cond-expr","locations":[{"start":{"line":94,"column":30},"end":{"line":94,"column":48}},{"start":{"line":94,"column":51},"end":{"line":94,"column":52}}],"line":94},"2":{"loc":{"start":{"line":99,"column":15},"end":{"line":99,"column":59}},"type":"cond-expr","locations":[{"start":{"line":99,"column":30},"end":{"line":99,"column":55}},{"start":{"line":99,"column":58},"end":{"line":99,"column":59}}],"line":99},"3":{"loc":{"start":{"line":108,"column":8},"end":{"line":111,"column":9}},"type":"if","locations":[{"start":{"line":108,"column":8},"end":{"line":111,"column":9}},{"start":{},"end":{}}],"line":108},"4":{"loc":{"start":{"line":112,"column":8},"end":{"line":113,"column":97}},"type":"if","locations":[{"start":{"line":112,"column":8},"end":{"line":113,"column":97}},{"start":{},"end":{}}],"line":112},"5":{"loc":{"start":{"line":122,"column":8},"end":{"line":125,"column":9}},"type":"if","locations":[{"start":{"line":122,"column":8},"end":{"line":125,"column":9}},{"start":{},"end":{}}],"line":122},"6":{"loc":{"start":{"line":126,"column":8},"end":{"line":127,"column":97}},"type":"if","locations":[{"start":{"line":126,"column":8},"end":{"line":127,"column":97}},{"start":{},"end":{}}],"line":126},"7":{"loc":{"start":{"line":134,"column":8},"end":{"line":135,"column":94}},"type":"if","locations":[{"start":{"line":134,"column":8},"end":{"line":135,"column":94}},{"start":{},"end":{}}],"line":134},"8":{"loc":{"start":{"line":142,"column":8},"end":{"line":143,"column":94}},"type":"if","locations":[{"start":{"line":142,"column":8},"end":{"line":143,"column":94}},{"start":{},"end":{}}],"line":142}},"s":{"0":1,"1":1,"2":1,"3":3,"4":3,"5":3,"6":2,"7":2,"8":2,"9":2,"10":2,"11":2,"12":2,"13":2,"14":2,"15":2,"16":1,"17":1,"18":1,"19":1,"20":1,"21":1,"22":0,"23":0,"24":2,"25":2,"26":3,"27":3,"28":3,"29":3,"30":2,"31":2,"32":1,"33":1,"34":1,"35":1,"36":0,"37":0,"38":1,"39":0,"40":1,"41":1,"42":1,"43":1,"44":1,"45":0,"46":0,"47":1,"48":0,"49":1,"50":1,"51":1,"52":1,"53":1,"54":1,"55":1,"56":1,"57":1,"58":1,"59":1},"f":{"0":1,"1":3,"2":2,"3":2,"4":1,"5":1,"6":0,"7":2,"8":3,"9":3,"10":2,"11":1,"12":1,"13":1,"14":1},"b":{"0":[3,0],"1":[3,0],"2":[0,2],"3":[0,1],"4":[0,1],"5":[0,1],"6":[0,1],"7":[1,0],"8":[1,0]},"_coverageSchema":"1a1c01bbd47fc00a2c39e90264f33305004495a9","hash":"8e6877534b762bab875d01ee9fcc7f787d35fbd4"}
}
