TN:
SF:src\modulos\ComentariosDinamicos.js
FN:4,(anonymous_0)
FN:14,(anonymous_1)
FN:21,(anonymous_2)
FN:41,(anonymous_3)
FN:42,(anonymous_4)
FN:52,(anonymous_5)
FN:62,(anonymous_6)
FN:63,(anonymous_7)
FN:69,(anonymous_8)
FN:73,(anonymous_9)
FN:78,(anonymous_10)
FN:79,(anonymous_11)
FN:94,(anonymous_12)
FN:100,(anonymous_13)
FN:107,(anonymous_14)
FN:108,(anonymous_15)
FN:115,(anonymous_16)
FN:130,(anonymous_17)
FN:131,(anonymous_18)
FNF:19
FNH:19
FNDA:1,(anonymous_0)
FNDA:41,(anonymous_1)
FNDA:7,(anonymous_2)
FNDA:1,(anonymous_3)
FNDA:1,(anonymous_4)
FNDA:9,(anonymous_5)
FNDA:1,(anonymous_6)
FNDA:1,(anonymous_7)
FNDA:8,(anonymous_8)
FNDA:13,(anonymous_9)
FNDA:18,(anonymous_10)
FNDA:21,(anonymous_11)
FNDA:26,(anonymous_12)
FNDA:27,(anonymous_13)
FNDA:21,(anonymous_14)
FNDA:25,(anonymous_15)
FNDA:14,(anonymous_16)
FNDA:18,(anonymous_17)
FNDA:21,(anonymous_18)
DA:4,1
DA:6,1
DA:7,1
DA:8,1
DA:9,1
DA:12,1
DA:14,1
DA:15,41
DA:16,41
DA:17,41
DA:21,1
DA:23,7
DA:24,6
DA:25,6
DA:26,6
DA:27,6
DA:30,7
DA:31,7
DA:32,7
DA:33,7
DA:34,7
DA:35,7
DA:37,7
DA:38,7
DA:41,1
DA:42,1
DA:43,1
DA:45,1
DA:46,1
DA:48,1
DA:52,1
DA:53,9
DA:54,9
DA:55,9
DA:56,9
DA:57,9
DA:58,9
DA:59,9
DA:62,1
DA:63,1
DA:64,1
DA:66,1
DA:69,1
DA:70,8
DA:73,1
DA:74,13
DA:75,13
DA:78,1
DA:79,18
DA:80,21
DA:82,21
DA:84,13
DA:85,13
DA:87,8
DA:88,8
DA:90,0
DA:94,18
DA:95,26
DA:96,12
DA:100,18
DA:101,27
DA:102,13
DA:107,1
DA:108,21
DA:109,25
DA:110,25
DA:111,25
DA:115,21
DA:117,21
DA:118,6
DA:119,6
DA:120,6
DA:123,21
DA:124,21
DA:125,21
DA:126,21
DA:129,1
DA:130,18
DA:131,21
DA:134,1
LF:80
LH:79
BRDA:15,0,0,41
BRDA:15,0,1,12
BRDA:23,1,0,6
BRDA:23,1,1,1
BRDA:34,2,0,7
BRDA:34,2,1,1
BRDA:45,3,0,1
BRDA:45,3,1,0
BRDA:58,4,0,9
BRDA:58,4,1,0
BRDA:80,5,0,21
BRDA:80,5,1,13
BRDA:82,6,0,13
BRDA:82,6,1,8
BRDA:82,6,2,0
BRDA:95,7,0,12
BRDA:95,7,1,14
BRDA:101,8,0,13
BRDA:101,8,1,14
BRDA:117,9,0,6
BRDA:117,9,1,15
BRF:21
BRH:18
end_of_record
TN:
SF:src\modulos\ToolTips.js
FN:6,(anonymous_0)
FN:23,(anonymous_1)
FN:25,(anonymous_2)
FN:26,(anonymous_3)
FN:27,(anonymous_4)
FN:28,(anonymous_5)
FN:40,(anonymous_6)
FN:54,(anonymous_7)
FN:64,(anonymous_8)
FN:65,(anonymous_9)
FN:74,(anonymous_10)
FN:75,(anonymous_11)
FN:80,(anonymous_12)
FN:91,(anonymous_13)
FN:99,(anonymous_14)
FN:104,(anonymous_15)
FN:109,(anonymous_16)
FN:110,(anonymous_17)
FN:123,(anonymous_18)
FN:124,(anonymous_19)
FN:141,(anonymous_20)
FN:142,(anonymous_21)
FNF:22
FNH:18
FNDA:1,(anonymous_0)
FNDA:1,(anonymous_1)
FNDA:0,(anonymous_2)
FNDA:0,(anonymous_3)
FNDA:0,(anonymous_4)
FNDA:0,(anonymous_5)
FNDA:17,(anonymous_6)
FNDA:17,(anonymous_7)
FNDA:6,(anonymous_8)
FNDA:1,(anonymous_9)
FNDA:1,(anonymous_10)
FNDA:1,(anonymous_11)
FNDA:7,(anonymous_12)
FNDA:10,(anonymous_13)
FNDA:1,(anonymous_14)
FNDA:12,(anonymous_15)
FNDA:17,(anonymous_16)
FNDA:19,(anonymous_17)
FNDA:20,(anonymous_18)
FNDA:22,(anonymous_19)
FNDA:17,(anonymous_20)
FNDA:20,(anonymous_21)
DA:6,1
DA:10,1
DA:13,1
DA:17,1
DA:21,1
DA:23,1
DA:24,1
DA:25,1
DA:26,1
DA:27,1
DA:28,1
DA:29,1
DA:40,1
DA:41,17
DA:44,17
DA:45,17
DA:54,1
DA:55,17
DA:56,17
DA:64,1
DA:65,6
DA:66,6
DA:67,6
DA:68,6
DA:69,6
DA:70,6
DA:71,6
DA:74,1
DA:75,1
DA:76,1
DA:77,1
DA:80,1
DA:81,7
DA:82,6
DA:83,6
DA:84,6
DA:85,6
DA:88,7
DA:91,1
DA:92,10
DA:93,10
DA:94,10
DA:95,10
DA:96,10
DA:99,1
DA:100,1
DA:101,1
DA:104,1
DA:105,12
DA:106,12
DA:109,1
DA:110,17
DA:111,19
DA:112,19
DA:113,7
DA:114,12
DA:115,0
DA:117,12
DA:120,17
DA:123,1
DA:124,20
DA:125,22
DA:126,22
DA:127,22
DA:129,20
DA:130,20
DA:131,6
DA:132,6
DA:134,20
DA:135,20
DA:136,20
DA:140,1
DA:141,17
DA:142,20
DA:145,1
LF:75
LH:74
BRDA:24,0,0,1
BRDA:24,0,1,0
BRDA:70,1,0,6
BRDA:70,1,1,0
BRDA:76,2,0,1
BRDA:76,2,1,0
BRDA:81,3,0,6
BRDA:81,3,1,1
BRDA:100,4,0,1
BRDA:100,4,1,0
BRDA:112,5,0,7
BRDA:112,5,1,12
BRDA:114,6,0,0
BRDA:114,6,1,12
BRDA:130,7,0,6
BRDA:130,7,1,14
BRF:16
BRH:11
end_of_record
TN:
SF:src\modulos\posicionamineto\Posicionamiento.js
FN:15,(anonymous_0)
FN:27,(anonymous_1)
FN:39,(anonymous_2)
FN:52,(anonymous_3)
FN:64,(anonymous_4)
FN:72,(anonymous_5)
FN:76,(anonymous_6)
FN:81,(anonymous_7)
FN:87,(anonymous_8)
FN:92,(anonymous_9)
FN:97,(anonymous_10)
FN:102,(anonymous_11)
FN:118,(anonymous_12)
FN:131,(anonymous_13)
FN:139,(anonymous_14)
FNF:15
FNH:14
FNDA:1,(anonymous_0)
FNDA:3,(anonymous_1)
FNDA:2,(anonymous_2)
FNDA:2,(anonymous_3)
FNDA:1,(anonymous_4)
FNDA:1,(anonymous_5)
FNDA:0,(anonymous_6)
FNDA:2,(anonymous_7)
FNDA:3,(anonymous_8)
FNDA:3,(anonymous_9)
FNDA:2,(anonymous_10)
FNDA:1,(anonymous_11)
FNDA:1,(anonymous_12)
FNDA:1,(anonymous_13)
FNDA:1,(anonymous_14)
DA:16,1
DA:17,1
DA:18,1
DA:28,3
DA:29,3
DA:30,3
DA:40,2
DA:41,2
DA:42,2
DA:43,2
DA:53,2
DA:54,2
DA:55,2
DA:56,2
DA:57,2
DA:58,2
DA:65,1
DA:66,1
DA:67,1
DA:68,1
DA:69,1
DA:73,1
DA:77,0
DA:78,0
DA:82,2
DA:83,2
DA:88,3
DA:89,3
DA:93,3
DA:94,3
DA:98,2
DA:99,2
DA:103,1
DA:105,1
DA:106,1
DA:108,1
DA:109,0
DA:110,0
DA:112,1
DA:113,0
DA:114,1
DA:119,1
DA:120,1
DA:121,1
DA:122,1
DA:123,0
DA:124,0
DA:126,1
DA:127,0
DA:128,1
DA:132,1
DA:133,1
DA:134,1
DA:135,1
DA:136,1
DA:140,1
DA:141,1
DA:142,1
DA:143,1
DA:144,1
LF:60
LH:52
BRDA:89,0,0,3
BRDA:89,0,1,0
BRDA:94,1,0,3
BRDA:94,1,1,0
BRDA:99,2,0,0
BRDA:99,2,1,2
BRDA:108,3,0,0
BRDA:108,3,1,1
BRDA:112,4,0,0
BRDA:112,4,1,1
BRDA:122,5,0,0
BRDA:122,5,1,1
BRDA:126,6,0,0
BRDA:126,6,1,1
BRDA:134,7,0,1
BRDA:134,7,1,0
BRDA:142,8,0,1
BRDA:142,8,1,0
BRF:18
BRH:9
end_of_record
